Using pre-set license
Built from '2020.3/staging' branch; Version is '2020.3.18f1 (a7d1c678663c) revision 10998214'; Using compiler version '192528614'; Build Type 'Release'
OS: 'Windows 10 Home; OS build 19043.1645; Version 2009; 64bit' Language: 'it' Physical Memory: 16244 MB
BatchMode: 1, IsHumanControllingUs: 0, StartBugReporterOnCrash: 0, Is64bit: 1, IsPro: 0

COMMAND LINE ARGUMENTS:
C:\Program Files\Unity\Hub\Editor\2020.3.18f1\Editor\Unity.exe
-adb2
-batchMode
-noUpm
-name
AssetImportWorker0
-projectPath
C:/Users/Gabriele/Documents/GitHub/MetaRPG/MetaRPG_Game
-logFile
Logs/AssetImportWorker0.log
-srvPort
63594
Successfully changed project path to: C:/Users/Gabriele/Documents/GitHub/MetaRPG/MetaRPG_Game
C:/Users/Gabriele/Documents/GitHub/MetaRPG/MetaRPG_Game
Using Asset Import Pipeline V2.
Refreshing native plugins compatible for Editor in 41.60 ms, found 3 plugins.
Preloading 0 native plugins for Editor in 0.00 ms.
Initialize engine version: 2020.3.18f1 (a7d1c678663c)
[Subsystems] Discovering subsystems at path C:/Program Files/Unity/Hub/Editor/2020.3.18f1/Editor/Data/Resources/UnitySubsystems
[Subsystems] Discovering subsystems at path C:/Users/Gabriele/Documents/GitHub/MetaRPG/MetaRPG_Game/Assets
GfxDevice: creating device client; threaded=0
Direct3D:
    Version:  Direct3D 11.0 [level 11.1]
    Renderer: NVIDIA GeForce GTX 1060 6GB (ID=0x1c03)
    Vendor:   
    VRAM:     6052 MB
    Driver:   30.0.15.1179
Initialize mono
Mono path[0] = 'C:/Program Files/Unity/Hub/Editor/2020.3.18f1/Editor/Data/Managed'
Mono path[1] = 'C:/Program Files/Unity/Hub/Editor/2020.3.18f1/Editor/Data/MonoBleedingEdge/lib/mono/unityjit'
Mono config path = 'C:/Program Files/Unity/Hub/Editor/2020.3.18f1/Editor/Data/MonoBleedingEdge/etc'
Using monoOptions --debugger-agent=transport=dt_socket,embedding=1,server=y,suspend=n,address=127.0.0.1:56276
Begin MonoManager ReloadAssembly
Registering precompiled unity dll's ...
Register platform support module: C:/Program Files/Unity/Hub/Editor/2020.3.18f1/Editor/Data/PlaybackEngines/WindowsStandaloneSupport/UnityEditor.WindowsStandalone.Extensions.dll
Registered in 0.001669 seconds.
Native extension for WindowsStandalone target not found
Refreshing native plugins compatible for Editor in 42.09 ms, found 3 plugins.
Preloading 0 native plugins for Editor in 0.00 ms.
Mono: successfully reloaded assembly
- Completed reload, in  1.649 seconds
Domain Reload Profiling:
	ReloadAssembly (1650ms)
		BeginReloadAssembly (45ms)
			ExecutionOrderSort (0ms)
			DisableScriptedObjects (0ms)
			BackupInstance (0ms)
			ReleaseScriptingObjects (0ms)
			CreateAndSetChildDomain (1ms)
		EndReloadAssembly (354ms)
			LoadAssemblies (43ms)
			RebuildTransferFunctionScriptingTraits (0ms)
			SetupTypeCache (125ms)
			ReleaseScriptCaches (0ms)
			RebuildScriptCaches (25ms)
			SetupLoadedEditorAssemblies (147ms)
				LogAssemblyErrors (0ms)
				InitializePlatformSupportModulesInManaged (3ms)
				SetLoadedEditorAssemblies (0ms)
				RefreshPlugins (42ms)
				BeforeProcessingInitializeOnLoad (14ms)
				ProcessInitializeOnLoadAttributes (64ms)
				ProcessInitializeOnLoadMethodAttributes (23ms)
				AfterProcessingInitializeOnLoad (0ms)
				EditorAssembliesLoaded (0ms)
			ExecutionOrderSort2 (0ms)
			AwakeInstancesAfterBackupRestoration (0ms)
Platform modules already initialized, skipping
Registering precompiled user dll's ...
Registered in 0.003158 seconds.
Begin MonoManager ReloadAssembly
Symbol file data-000001B2EDD68E40 doesn't match image C:\Users\Gabriele\Documents\GitHub\MetaRPG\MetaRPG_Game\Library\ScriptAssemblies\Unity.2D.Animation.Editor.dll
Symbol file LoadedFromMemory is not a mono symbol file
Symbol file data-000001B2ED114D40 doesn't match image C:\Users\Gabriele\Documents\GitHub\MetaRPG\MetaRPG_Game\Library\ScriptAssemblies\Unity.InternalAPIEngineBridge.001.dll
Symbol file LoadedFromMemory is not a mono symbol file
Symbol file data-000001B2ED303570 doesn't match image C:\Users\Gabriele\Documents\GitHub\MetaRPG\MetaRPG_Game\Library\ScriptAssemblies\Unity.VSCode.Editor.dll
Symbol file LoadedFromMemory is not a mono symbol file
Symbol file data-000001B2EDA059D0 doesn't match image C:\Users\Gabriele\Documents\GitHub\MetaRPG\MetaRPG_Game\Library\ScriptAssemblies\Unity.2D.PixelPerfect.dll
Symbol file LoadedFromMemory is not a mono symbol file
Symbol file data-000001B2ED765D80 doesn't match image C:\Users\Gabriele\Documents\GitHub\MetaRPG\MetaRPG_Game\Library\ScriptAssemblies\Unity.2D.Tilemap.Editor.dll
Symbol file LoadedFromMemory is not a mono symbol file
Symbol file data-000001B2ED765D80 doesn't match image C:\Users\Gabriele\Documents\GitHub\MetaRPG\MetaRPG_Game\Library\ScriptAssemblies\PsdPlugin.dll
Symbol file LoadedFromMemory is not a mono symbol file
Symbol file data-000001B2ED765D80 doesn't match image C:\Users\Gabriele\Documents\GitHub\MetaRPG\MetaRPG_Game\Library\ScriptAssemblies\Unity.TextMeshPro.Editor.dll
Symbol file LoadedFromMemory is not a mono symbol file
Symbol file data-000001B2F1CB3C30 doesn't match image C:\Users\Gabriele\Documents\GitHub\MetaRPG\MetaRPG_Game\Library\ScriptAssemblies\Unity.VisualStudio.Editor.dll
Symbol file LoadedFromMemory is not a mono symbol file
Symbol file data-000001B2F3601230 doesn't match image C:\Users\Gabriele\Documents\GitHub\MetaRPG\MetaRPG_Game\Library\ScriptAssemblies\UnityEngine.TestRunner.dll
Symbol file LoadedFromMemory is not a mono symbol file
Symbol file data-000001B2ED765D80 doesn't match image C:\Users\Gabriele\Documents\GitHub\MetaRPG\MetaRPG_Game\Library\ScriptAssemblies\Unity.Timeline.dll
Symbol file LoadedFromMemory is not a mono symbol file
Symbol file data-000001B2EDA059D0 doesn't match image C:\Users\Gabriele\Documents\GitHub\MetaRPG\MetaRPG_Game\Library\ScriptAssemblies\PackageToolsEditor.dll
Symbol file LoadedFromMemory is not a mono symbol file
Symbol file data-000001B2F20D1020 doesn't match image C:\Users\Gabriele\Documents\GitHub\MetaRPG\MetaRPG_Game\Library\ScriptAssemblies\Unity.TextMeshPro.dll
Symbol file LoadedFromMemory is not a mono symbol file
Symbol file data-000001B2ED765D80 doesn't match image C:\Users\Gabriele\Documents\GitHub\MetaRPG\MetaRPG_Game\Library\ScriptAssemblies\UnityEditor.TestRunner.dll
Symbol file LoadedFromMemory is not a mono symbol file
Symbol file data-000001B2ED303570 doesn't match image C:\Users\Gabriele\Documents\GitHub\MetaRPG\MetaRPG_Game\Library\ScriptAssemblies\Unity.2D.IK.Editor.dll
Symbol file LoadedFromMemory is not a mono symbol file
Symbol file data-000001B2F352D620 doesn't match image C:\Users\Gabriele\Documents\GitHub\MetaRPG\MetaRPG_Game\Library\ScriptAssemblies\Unity.2D.Sprite.Editor.dll
Symbol file LoadedFromMemory is not a mono symbol file
Symbol file data-000001B2F1CB3C30 doesn't match image C:\Users\Gabriele\Documents\GitHub\MetaRPG\MetaRPG_Game\Library\ScriptAssemblies\Unity.2D.Psdimporter.Editor.dll
Symbol file LoadedFromMemory is not a mono symbol file
Symbol file data-000001B2ED76D390 doesn't match image C:\Users\Gabriele\Documents\GitHub\MetaRPG\MetaRPG_Game\Library\ScriptAssemblies\Unity.2D.Path.Editor.dll
Symbol file LoadedFromMemory is not a mono symbol file
Symbol file data-000001B2ED8B69B0 doesn't match image C:\Users\Gabriele\Documents\GitHub\MetaRPG\MetaRPG_Game\Library\ScriptAssemblies\Unity.InternalAPIEditorBridge.001.dll
Symbol file LoadedFromMemory is not a mono symbol file
Symbol file data-000001B2F200DA40 doesn't match image C:\Users\Gabriele\Documents\GitHub\MetaRPG\MetaRPG_Game\Library\ScriptAssemblies\UnityEditor.UI.dll
Symbol file LoadedFromMemory is not a mono symbol file
Symbol file data-000001B2F2125020 doesn't match image C:\Users\Gabriele\Documents\GitHub\MetaRPG\MetaRPG_Game\Library\ScriptAssemblies\Unity.PlasticSCM.Editor.dll
Symbol file LoadedFromMemory is not a mono symbol file
Symbol file data-000001B2F2B46C20 doesn't match image C:\Users\Gabriele\Documents\GitHub\MetaRPG\MetaRPG_Game\Library\ScriptAssemblies\Unity.Rider.Editor.dll
Symbol file LoadedFromMemory is not a mono symbol file
Symbol file data-000001B2F21CD020 doesn't match image C:\Users\Gabriele\Documents\GitHub\MetaRPG\MetaRPG_Game\Library\ScriptAssemblies\UnityEngine.UI.dll
Symbol file LoadedFromMemory is not a mono symbol file
Symbol file data-000001B2F1E50010 doesn't match image C:\Users\Gabriele\Documents\GitHub\MetaRPG\MetaRPG_Game\Library\ScriptAssemblies\Unity.Mathematics.dll
Symbol file LoadedFromMemory is not a mono symbol file
Symbol file data-000001B2ED303570 doesn't match image C:\Users\Gabriele\Documents\GitHub\MetaRPG\MetaRPG_Game\Library\ScriptAssemblies\Unity.2D.IK.Runtime.dll
Symbol file LoadedFromMemory is not a mono symbol file
Symbol file data-000001B2F2179020 doesn't match image C:\Users\Gabriele\Documents\GitHub\MetaRPG\MetaRPG_Game\Library\ScriptAssemblies\Cinemachine.dll
Symbol file LoadedFromMemory is not a mono symbol file
Symbol file data-000001B2F1FAF040 doesn't match image C:\Users\Gabriele\Documents\GitHub\MetaRPG\MetaRPG_Game\Library\ScriptAssemblies\com.unity.cinemachine.editor.dll
Symbol file LoadedFromMemory is not a mono symbol file
Symbol file data-000001B2F22C9020 doesn't match image C:\Users\Gabriele\Documents\GitHub\MetaRPG\MetaRPG_Game\Library\ScriptAssemblies\AstarPathfindingProject.dll
Symbol file LoadedFromMemory is not a mono symbol file
Symbol file data-000001B2F3712010 doesn't match image C:\Users\Gabriele\Documents\GitHub\MetaRPG\MetaRPG_Game\Library\ScriptAssemblies\Unity.2D.Animation.Triangle.Runtime.dll
Symbol file LoadedFromMemory is not a mono symbol file
Symbol file data-000001B2ED738480 doesn't match image C:\Users\Gabriele\Documents\GitHub\MetaRPG\MetaRPG_Game\Library\ScriptAssemblies\Unity.2D.Animation.Runtime.dll
Symbol file LoadedFromMemory is not a mono symbol file
Symbol file data-000001B2EDBB9020 doesn't match image C:\Users\Gabriele\Documents\GitHub\MetaRPG\MetaRPG_Game\Library\ScriptAssemblies\Unity.2D.PixelPerfect.Editor.dll
Symbol file LoadedFromMemory is not a mono symbol file
Symbol file data-000001B2F3712010 doesn't match image C:\Users\Gabriele\Documents\GitHub\MetaRPG\MetaRPG_Game\Library\ScriptAssemblies\Unity.Timeline.Editor.dll
Symbol file LoadedFromMemory is not a mono symbol file
Symbol file data-000001B2F21A8030 doesn't match image C:\Users\Gabriele\Documents\GitHub\MetaRPG\MetaRPG_Game\Library\ScriptAssemblies\Unity.CollabProxy.Editor.dll
Symbol file LoadedFromMemory is not a mono symbol file
Symbol file data-000001B2F1FBF050 doesn't match image C:\Users\Gabriele\Documents\GitHub\MetaRPG\MetaRPG_Game\Library\ScriptAssemblies\Unity.Mathematics.Editor.dll
Symbol file LoadedFromMemory is not a mono symbol file
Symbol file data-000001B2EDD1AE00 doesn't match image C:\Users\Gabriele\Documents\GitHub\MetaRPG\MetaRPG_Game\Library\ScriptAssemblies\Unity.2D.Common.Runtime.dll
Symbol file LoadedFromMemory is not a mono symbol file
Symbol file data-000001B2F29B1620 doesn't match image C:\Users\Gabriele\Documents\GitHub\MetaRPG\MetaRPG_Game\Library\ScriptAssemblies\AstarPathfindingProjectEditor.dll
Symbol file LoadedFromMemory is not a mono symbol file
Symbol file data-000001B2F29B1620 doesn't match image C:\Users\Gabriele\Documents\GitHub\MetaRPG\MetaRPG_Game\Library\ScriptAssemblies\Unity.2D.SpriteShape.Editor.dll
Symbol file LoadedFromMemory is not a mono symbol file
Symbol file data-000001B2F220C440 doesn't match image C:\Users\Gabriele\Documents\GitHub\MetaRPG\MetaRPG_Game\Library\ScriptAssemblies\Unity.2D.Common.Editor.dll
Symbol file LoadedFromMemory is not a mono symbol file
Symbol file data-000001B2F21A8030 doesn't match image C:\Users\Gabriele\Documents\GitHub\MetaRPG\MetaRPG_Game\Library\ScriptAssemblies\Unity.2D.SpriteShape.Runtime.dll
Symbol file LoadedFromMemory is not a mono symbol file
Native extension for WindowsStandalone target not found
Refreshing native plugins compatible for Editor in 40.25 ms, found 3 plugins.
Preloading 0 native plugins for Editor in 0.00 ms.
Mono: successfully reloaded assembly
- Completed reload, in  0.981 seconds
Domain Reload Profiling:
	ReloadAssembly (982ms)
		BeginReloadAssembly (136ms)
			ExecutionOrderSort (0ms)
			DisableScriptedObjects (5ms)
			BackupInstance (0ms)
			ReleaseScriptingObjects (0ms)
			CreateAndSetChildDomain (19ms)
		EndReloadAssembly (783ms)
			LoadAssemblies (88ms)
			RebuildTransferFunctionScriptingTraits (0ms)
			SetupTypeCache (249ms)
			ReleaseScriptCaches (0ms)
			RebuildScriptCaches (45ms)
			SetupLoadedEditorAssemblies (305ms)
				LogAssemblyErrors (0ms)
				InitializePlatformSupportModulesInManaged (3ms)
				SetLoadedEditorAssemblies (0ms)
				RefreshPlugins (40ms)
				BeforeProcessingInitializeOnLoad (70ms)
				ProcessInitializeOnLoadAttributes (175ms)
				ProcessInitializeOnLoadMethodAttributes (10ms)
				AfterProcessingInitializeOnLoad (5ms)
				EditorAssembliesLoaded (0ms)
			ExecutionOrderSort2 (0ms)
			AwakeInstancesAfterBackupRestoration (5ms)
Platform modules already initialized, skipping
========================================================================
Worker process is ready to serve import requests
Launched and connected shader compiler UnityShaderCompiler.exe after 0.03 seconds
Refreshing native plugins compatible for Editor in 0.48 ms, found 3 plugins.
Preloading 0 native plugins for Editor in 0.00 ms.
Unloading 2505 Unused Serialized files (Serialized files now loaded: 0)
System memory in use before: 113.8 MB.
System memory in use after: 114.0 MB.

Unloading 28 unused Assets to reduce memory usage. Loaded Objects now: 2947.
Total: 2.716400 ms (FindLiveObjects: 0.229100 ms CreateObjectMapping: 0.116900 ms MarkObjects: 2.309400 ms  DeleteObjects: 0.060300 ms)

AssetImportParameters requested are different than current active one (requested -> active):
  custom:framework-win-MediaFoundation: 216162199b28c13a410421893ffa2e32 -> 
  custom:video-decoder-ogg-theora: a1e56fd34408186e4bbccfd4996cb3dc -> 
  custom:container-muxer-webm: aa71ff27fc2769a1b78a27578f13a17b -> 
  custom:container-demuxer-webm: 4f35f7cbe854078d1ac9338744f61a02 -> 
  custom:container-demuxer-ogg: 62fdf1f143b41e24485cea50d1cbac27 -> 
  custom:video-encoder-webm-vp8: eb34c28f22e8b96e1ab97ce403110664 -> 
  custom:video-decoder-webm-vp8: 9c59270c3fd7afecdb556c50c9e8de78 -> 
  custom:audio-decoder-ogg-vorbis: bf7c407c2cedff20999df2af8eb42d56 -> 
  custom:audio-encoder-webm-vorbis: bf7c407c2cedff20999df2af8eb42d56 -> 
========================================================================
Received Import Request.
  path: Assets/Scenes/BattleTest.unity
  artifactKey: Guid(5199225f519881c4490b6b74d4dbdea0) Importer(815301076,1909f56bfc062723c751e8b465ee728b)
Start importing Assets/Scenes/BattleTest.unity using Guid(5199225f519881c4490b6b74d4dbdea0) Importer(815301076,1909f56bfc062723c751e8b465ee728b)  -> (artifact id: 'abb586d0b4b0f63dba845cdc5a6fcb10') in 0.009715 seconds 
  Import took 0.012949 seconds .

========================================================================
Received Import Request.
  Time since last request: 5.867080 seconds.
  path: Assets/Scenes/GabScene.unity
  artifactKey: Guid(c6cc47a2cadbb0a4980bd1a79712faee) Importer(815301076,1909f56bfc062723c751e8b465ee728b)
Start importing Assets/Scenes/GabScene.unity using Guid(c6cc47a2cadbb0a4980bd1a79712faee) Importer(815301076,1909f56bfc062723c751e8b465ee728b)  -> (artifact id: '222823eb5666efd7c866e0fe981004df') in 0.001833 seconds 
  Import took 0.005112 seconds .

========================================================================
Received Import Request.
  Time since last request: 0.000594 seconds.
  path: Assets/Scenes/GabScene.unity
  artifactKey: Guid(c6cc47a2cadbb0a4980bd1a79712faee) Importer(815301076,1909f56bfc062723c751e8b465ee728b)
Start importing Assets/Scenes/GabScene.unity using Guid(c6cc47a2cadbb0a4980bd1a79712faee) Importer(815301076,1909f56bfc062723c751e8b465ee728b)  -> (artifact id: '222823eb5666efd7c866e0fe981004df') in 0.001596 seconds 
  Import took 0.004819 seconds .

========================================================================
Received Import Request.
  Time since last request: 5.293248 seconds.
  path: Assets/Scenes/MainScene.unity
  artifactKey: Guid(bd78361e47be58a4aa80163babd8babd) Importer(815301076,1909f56bfc062723c751e8b465ee728b)
Start importing Assets/Scenes/MainScene.unity using Guid(bd78361e47be58a4aa80163babd8babd) Importer(815301076,1909f56bfc062723c751e8b465ee728b)  -> (artifact id: 'a87eea5a5fd7ced70fa73a5d19aced97') in 0.001661 seconds 
  Import took 0.004953 seconds .

========================================================================
Received Import Request.
  Time since last request: 0.000356 seconds.
  path: Assets/Scenes/MainScene.unity
  artifactKey: Guid(bd78361e47be58a4aa80163babd8babd) Importer(815301076,1909f56bfc062723c751e8b465ee728b)
Start importing Assets/Scenes/MainScene.unity using Guid(bd78361e47be58a4aa80163babd8babd) Importer(815301076,1909f56bfc062723c751e8b465ee728b)  -> (artifact id: 'a87eea5a5fd7ced70fa73a5d19aced97') in 0.001514 seconds 
  Import took 0.004482 seconds .

========================================================================
Received Prepare
Registering precompiled user dll's ...
Registered in 0.002992 seconds.
Begin MonoManager ReloadAssembly
Symbol file data-000001B2F67B5F70 doesn't match image C:\Users\Gabriele\Documents\GitHub\MetaRPG\MetaRPG_Game\Library\ScriptAssemblies\Unity.2D.Animation.Editor.dll
Symbol file LoadedFromMemory is not a mono symbol file
Symbol file data-000001B2ED8B5C60 doesn't match image C:\Users\Gabriele\Documents\GitHub\MetaRPG\MetaRPG_Game\Library\ScriptAssemblies\Unity.InternalAPIEngineBridge.001.dll
Symbol file LoadedFromMemory is not a mono symbol file
Symbol file data-000001B2ED669790 doesn't match image C:\Users\Gabriele\Documents\GitHub\MetaRPG\MetaRPG_Game\Library\ScriptAssemblies\Unity.VSCode.Editor.dll
Symbol file LoadedFromMemory is not a mono symbol file
Symbol file data-000001B2EDDBD330 doesn't match image C:\Users\Gabriele\Documents\GitHub\MetaRPG\MetaRPG_Game\Library\ScriptAssemblies\Unity.2D.PixelPerfect.dll
Symbol file LoadedFromMemory is not a mono symbol file
Symbol file data-000001B2F3F6A700 doesn't match image C:\Users\Gabriele\Documents\GitHub\MetaRPG\MetaRPG_Game\Library\ScriptAssemblies\Unity.2D.Tilemap.Editor.dll
Symbol file LoadedFromMemory is not a mono symbol file
Symbol file data-000001B2F3F4D010 doesn't match image C:\Users\Gabriele\Documents\GitHub\MetaRPG\MetaRPG_Game\Library\ScriptAssemblies\PsdPlugin.dll
Symbol file LoadedFromMemory is not a mono symbol file
Symbol file data-000001B2F22A5020 doesn't match image C:\Users\Gabriele\Documents\GitHub\MetaRPG\MetaRPG_Game\Library\ScriptAssemblies\Unity.TextMeshPro.Editor.dll
Symbol file LoadedFromMemory is not a mono symbol file
Symbol file data-000001B2F3139010 doesn't match image C:\Users\Gabriele\Documents\GitHub\MetaRPG\MetaRPG_Game\Library\ScriptAssemblies\Unity.VisualStudio.Editor.dll
Symbol file LoadedFromMemory is not a mono symbol file
Symbol file data-000001B2ED762CC0 doesn't match image C:\Users\Gabriele\Documents\GitHub\MetaRPG\MetaRPG_Game\Library\ScriptAssemblies\UnityEngine.TestRunner.dll
Symbol file LoadedFromMemory is not a mono symbol file
Symbol file data-000001B2F3F6A700 doesn't match image C:\Users\Gabriele\Documents\GitHub\MetaRPG\MetaRPG_Game\Library\ScriptAssemblies\Unity.Timeline.dll
Symbol file LoadedFromMemory is not a mono symbol file
Symbol file data-000001B162999AD0 doesn't match image C:\Users\Gabriele\Documents\GitHub\MetaRPG\MetaRPG_Game\Library\ScriptAssemblies\PackageToolsEditor.dll
Symbol file LoadedFromMemory is not a mono symbol file
Symbol file data-000001B2F3518010 doesn't match image C:\Users\Gabriele\Documents\GitHub\MetaRPG\MetaRPG_Game\Library\ScriptAssemblies\Unity.TextMeshPro.dll
Symbol file LoadedFromMemory is not a mono symbol file
Symbol file data-000001B2ED2F3C10 doesn't match image C:\Users\Gabriele\Documents\GitHub\MetaRPG\MetaRPG_Game\Library\ScriptAssemblies\UnityEditor.TestRunner.dll
Symbol file LoadedFromMemory is not a mono symbol file
Symbol file data-000001B162685FF0 doesn't match image C:\Users\Gabriele\Documents\GitHub\MetaRPG\MetaRPG_Game\Library\ScriptAssemblies\Unity.2D.IK.Editor.dll
Symbol file LoadedFromMemory is not a mono symbol file
Symbol file data-000001B2F22A5020 doesn't match image C:\Users\Gabriele\Documents\GitHub\MetaRPG\MetaRPG_Game\Library\ScriptAssemblies\Unity.2D.Sprite.Editor.dll
Symbol file LoadedFromMemory is not a mono symbol file
Symbol file data-000001B2F311F2D0 doesn't match image C:\Users\Gabriele\Documents\GitHub\MetaRPG\MetaRPG_Game\Library\ScriptAssemblies\Unity.2D.Psdimporter.Editor.dll
Symbol file LoadedFromMemory is not a mono symbol file
Symbol file data-000001B2F311F2D0 doesn't match image C:\Users\Gabriele\Documents\GitHub\MetaRPG\MetaRPG_Game\Library\ScriptAssemblies\Unity.2D.Path.Editor.dll
Symbol file LoadedFromMemory is not a mono symbol file
Symbol file data-000001B2EDC1C050 doesn't match image C:\Users\Gabriele\Documents\GitHub\MetaRPG\MetaRPG_Game\Library\ScriptAssemblies\Unity.InternalAPIEditorBridge.001.dll
Symbol file LoadedFromMemory is not a mono symbol file
Symbol file data-000001B2F311F2D0 doesn't match image C:\Users\Gabriele\Documents\GitHub\MetaRPG\MetaRPG_Game\Library\ScriptAssemblies\UnityEditor.UI.dll
Symbol file LoadedFromMemory is not a mono symbol file
Symbol file data-000001B2F67B5F70 doesn't match image C:\Users\Gabriele\Documents\GitHub\MetaRPG\MetaRPG_Game\Library\ScriptAssemblies\Unity.PlasticSCM.Editor.dll
Symbol file LoadedFromMemory is not a mono symbol file
Symbol file data-000001B2F1E39020 doesn't match image C:\Users\Gabriele\Documents\GitHub\MetaRPG\MetaRPG_Game\Library\ScriptAssemblies\Unity.Rider.Editor.dll
Symbol file LoadedFromMemory is not a mono symbol file
Symbol file data-000001B2F2816020 doesn't match image C:\Users\Gabriele\Documents\GitHub\MetaRPG\MetaRPG_Game\Library\ScriptAssemblies\UnityEngine.UI.dll
Symbol file LoadedFromMemory is not a mono symbol file
Symbol file data-000001B2F1E50010 doesn't match image C:\Users\Gabriele\Documents\GitHub\MetaRPG\MetaRPG_Game\Library\ScriptAssemblies\Unity.Mathematics.dll
Symbol file LoadedFromMemory is not a mono symbol file
Symbol file data-000001B162685FF0 doesn't match image C:\Users\Gabriele\Documents\GitHub\MetaRPG\MetaRPG_Game\Library\ScriptAssemblies\Unity.2D.IK.Runtime.dll
Symbol file LoadedFromMemory is not a mono symbol file
Symbol file data-000001B2F2816020 doesn't match image C:\Users\Gabriele\Documents\GitHub\MetaRPG\MetaRPG_Game\Library\ScriptAssemblies\Cinemachine.dll
Symbol file LoadedFromMemory is not a mono symbol file
Symbol file data-000001B2EDC35610 doesn't match image C:\Users\Gabriele\Documents\GitHub\MetaRPG\MetaRPG_Game\Library\ScriptAssemblies\com.unity.cinemachine.editor.dll
Symbol file LoadedFromMemory is not a mono symbol file
Symbol file data-000001B2F1F7E020 doesn't match image C:\Users\Gabriele\Documents\GitHub\MetaRPG\MetaRPG_Game\Library\ScriptAssemblies\AstarPathfindingProject.dll
Symbol file LoadedFromMemory is not a mono symbol file
Symbol file data-000001B2F2816020 doesn't match image C:\Users\Gabriele\Documents\GitHub\MetaRPG\MetaRPG_Game\Library\ScriptAssemblies\Unity.2D.Animation.Triangle.Runtime.dll
Symbol file LoadedFromMemory is not a mono symbol file
Symbol file data-000001B2F5F52820 doesn't match image C:\Users\Gabriele\Documents\GitHub\MetaRPG\MetaRPG_Game\Library\ScriptAssemblies\Unity.2D.Animation.Runtime.dll
Symbol file LoadedFromMemory is not a mono symbol file
Symbol file data-000001B2F34D5720 doesn't match image C:\Users\Gabriele\Documents\GitHub\MetaRPG\MetaRPG_Game\Library\ScriptAssemblies\Unity.2D.PixelPerfect.Editor.dll
Symbol file LoadedFromMemory is not a mono symbol file
Symbol file data-000001B2ED6FAC70 doesn't match image C:\Users\Gabriele\Documents\GitHub\MetaRPG\MetaRPG_Game\Library\ScriptAssemblies\Unity.Timeline.Editor.dll
Symbol file LoadedFromMemory is not a mono symbol file
Symbol file data-000001B2ED694220 doesn't match image C:\Users\Gabriele\Documents\GitHub\MetaRPG\MetaRPG_Game\Library\ScriptAssemblies\Unity.CollabProxy.Editor.dll
Symbol file LoadedFromMemory is not a mono symbol file
Symbol file data-000001B2F7E9F040 doesn't match image C:\Users\Gabriele\Documents\GitHub\MetaRPG\MetaRPG_Game\Library\ScriptAssemblies\Unity.Mathematics.Editor.dll
Symbol file LoadedFromMemory is not a mono symbol file
Symbol file data-000001B2EDB43B00 doesn't match image C:\Users\Gabriele\Documents\GitHub\MetaRPG\MetaRPG_Game\Library\ScriptAssemblies\Unity.2D.Common.Runtime.dll
Symbol file LoadedFromMemory is not a mono symbol file
Symbol file data-000001B2ED9DA820 doesn't match image C:\Users\Gabriele\Documents\GitHub\MetaRPG\MetaRPG_Game\Library\ScriptAssemblies\AstarPathfindingProjectEditor.dll
Symbol file LoadedFromMemory is not a mono symbol file
Symbol file data-000001B2F606D010 doesn't match image C:\Users\Gabriele\Documents\GitHub\MetaRPG\MetaRPG_Game\Library\ScriptAssemblies\Unity.2D.SpriteShape.Editor.dll
Symbol file LoadedFromMemory is not a mono symbol file
Symbol file data-000001B162685FF0 doesn't match image C:\Users\Gabriele\Documents\GitHub\MetaRPG\MetaRPG_Game\Library\ScriptAssemblies\Unity.2D.Common.Editor.dll
Symbol file LoadedFromMemory is not a mono symbol file
Symbol file data-000001B2F3F6A700 doesn't match image C:\Users\Gabriele\Documents\GitHub\MetaRPG\MetaRPG_Game\Library\ScriptAssemblies\Unity.2D.SpriteShape.Runtime.dll
Symbol file LoadedFromMemory is not a mono symbol file
Native extension for WindowsStandalone target not found
Refreshing native plugins compatible for Editor in 0.54 ms, found 3 plugins.
Preloading 0 native plugins for Editor in 0.00 ms.
Mono: successfully reloaded assembly
- Completed reload, in  1.077 seconds
Domain Reload Profiling:
	ReloadAssembly (1077ms)
		BeginReloadAssembly (105ms)
			ExecutionOrderSort (0ms)
			DisableScriptedObjects (5ms)
			BackupInstance (0ms)
			ReleaseScriptingObjects (0ms)
			CreateAndSetChildDomain (27ms)
		EndReloadAssembly (920ms)
			LoadAssemblies (76ms)
			RebuildTransferFunctionScriptingTraits (0ms)
			SetupTypeCache (267ms)
			ReleaseScriptCaches (1ms)
			RebuildScriptCaches (39ms)
			SetupLoadedEditorAssemblies (434ms)
				LogAssemblyErrors (0ms)
				InitializePlatformSupportModulesInManaged (4ms)
				SetLoadedEditorAssemblies (0ms)
				RefreshPlugins (1ms)
				BeforeProcessingInitializeOnLoad (80ms)
				ProcessInitializeOnLoadAttributes (334ms)
				ProcessInitializeOnLoadMethodAttributes (7ms)
				AfterProcessingInitializeOnLoad (7ms)
				EditorAssembliesLoaded (0ms)
			ExecutionOrderSort2 (0ms)
			AwakeInstancesAfterBackupRestoration (16ms)
Platform modules already initialized, skipping
Refreshing native plugins compatible for Editor in 0.85 ms, found 3 plugins.
Preloading 0 native plugins for Editor in 0.00 ms.
Unloading 2455 Unused Serialized files (Serialized files now loaded: 0)
System memory in use before: 109.4 MB.
System memory in use after: 109.7 MB.

Unloading 16 unused Assets to reduce memory usage. Loaded Objects now: 2950.
Total: 3.570400 ms (FindLiveObjects: 0.367700 ms CreateObjectMapping: 0.201400 ms MarkObjects: 2.976100 ms  DeleteObjects: 0.023900 ms)

AssetImportParameters requested are different than current active one (requested -> active):
  custom:framework-win-MediaFoundation: 216162199b28c13a410421893ffa2e32 -> 
  custom:video-decoder-ogg-theora: a1e56fd34408186e4bbccfd4996cb3dc -> 
  custom:container-muxer-webm: aa71ff27fc2769a1b78a27578f13a17b -> 
  custom:container-demuxer-webm: 4f35f7cbe854078d1ac9338744f61a02 -> 
  custom:container-demuxer-ogg: 62fdf1f143b41e24485cea50d1cbac27 -> 
  custom:video-encoder-webm-vp8: eb34c28f22e8b96e1ab97ce403110664 -> 
  custom:video-decoder-webm-vp8: 9c59270c3fd7afecdb556c50c9e8de78 -> 
  custom:audio-decoder-ogg-vorbis: bf7c407c2cedff20999df2af8eb42d56 -> 
  custom:audio-encoder-webm-vorbis: bf7c407c2cedff20999df2af8eb42d56 -> 
========================================================================
Received Prepare
Registering precompiled user dll's ...
Registered in 0.002917 seconds.
Begin MonoManager ReloadAssembly
Symbol file data-000001B2F6667040 doesn't match image C:\Users\Gabriele\Documents\GitHub\MetaRPG\MetaRPG_Game\Library\ScriptAssemblies\Unity.2D.Animation.Editor.dll
Symbol file LoadedFromMemory is not a mono symbol file
Symbol file data-000001B2F8052B70 doesn't match image C:\Users\Gabriele\Documents\GitHub\MetaRPG\MetaRPG_Game\Library\ScriptAssemblies\Unity.InternalAPIEngineBridge.001.dll
Symbol file LoadedFromMemory is not a mono symbol file
Symbol file data-000001B2F2306E50 doesn't match image C:\Users\Gabriele\Documents\GitHub\MetaRPG\MetaRPG_Game\Library\ScriptAssemblies\Unity.VSCode.Editor.dll
Symbol file LoadedFromMemory is not a mono symbol file
Symbol file data-000001B2F39D0020 doesn't match image C:\Users\Gabriele\Documents\GitHub\MetaRPG\MetaRPG_Game\Library\ScriptAssemblies\Unity.2D.PixelPerfect.dll
Symbol file LoadedFromMemory is not a mono symbol file
Symbol file data-000001B2F3F6A700 doesn't match image C:\Users\Gabriele\Documents\GitHub\MetaRPG\MetaRPG_Game\Library\ScriptAssemblies\Unity.2D.Tilemap.Editor.dll
Symbol file LoadedFromMemory is not a mono symbol file
Symbol file data-000001B2F34C6030 doesn't match image C:\Users\Gabriele\Documents\GitHub\MetaRPG\MetaRPG_Game\Library\ScriptAssemblies\PsdPlugin.dll
Symbol file LoadedFromMemory is not a mono symbol file
Symbol file data-000001B2F639CAE0 doesn't match image C:\Users\Gabriele\Documents\GitHub\MetaRPG\MetaRPG_Game\Library\ScriptAssemblies\Unity.TextMeshPro.Editor.dll
Symbol file LoadedFromMemory is not a mono symbol file
Symbol file data-000001B2F1D61020 doesn't match image C:\Users\Gabriele\Documents\GitHub\MetaRPG\MetaRPG_Game\Library\ScriptAssemblies\Unity.VisualStudio.Editor.dll
Symbol file LoadedFromMemory is not a mono symbol file
Symbol file data-000001B2F3F6A700 doesn't match image C:\Users\Gabriele\Documents\GitHub\MetaRPG\MetaRPG_Game\Library\ScriptAssemblies\UnityEngine.TestRunner.dll
Symbol file LoadedFromMemory is not a mono symbol file
Symbol file data-000001B2F3F6A700 doesn't match image C:\Users\Gabriele\Documents\GitHub\MetaRPG\MetaRPG_Game\Library\ScriptAssemblies\Unity.Timeline.dll
Symbol file LoadedFromMemory is not a mono symbol file
Symbol file data-000001B2F33D1030 doesn't match image C:\Users\Gabriele\Documents\GitHub\MetaRPG\MetaRPG_Game\Library\ScriptAssemblies\PackageToolsEditor.dll
Symbol file LoadedFromMemory is not a mono symbol file
Symbol file data-000001B2F2840040 doesn't match image C:\Users\Gabriele\Documents\GitHub\MetaRPG\MetaRPG_Game\Library\ScriptAssemblies\Unity.TextMeshPro.dll
Symbol file LoadedFromMemory is not a mono symbol file
Symbol file data-000001B2ED2F3C10 doesn't match image C:\Users\Gabriele\Documents\GitHub\MetaRPG\MetaRPG_Game\Library\ScriptAssemblies\UnityEditor.TestRunner.dll
Symbol file LoadedFromMemory is not a mono symbol file
Symbol file data-000001B2F2306E50 doesn't match image C:\Users\Gabriele\Documents\GitHub\MetaRPG\MetaRPG_Game\Library\ScriptAssemblies\Unity.2D.IK.Editor.dll
Symbol file LoadedFromMemory is not a mono symbol file
Symbol file data-000001B2F639CAE0 doesn't match image C:\Users\Gabriele\Documents\GitHub\MetaRPG\MetaRPG_Game\Library\ScriptAssemblies\Unity.2D.Sprite.Editor.dll
Symbol file LoadedFromMemory is not a mono symbol file
Symbol file data-000001B2F1D61020 doesn't match image C:\Users\Gabriele\Documents\GitHub\MetaRPG\MetaRPG_Game\Library\ScriptAssemblies\Unity.2D.Psdimporter.Editor.dll
Symbol file LoadedFromMemory is not a mono symbol file
Symbol file data-000001B2F6583010 doesn't match image C:\Users\Gabriele\Documents\GitHub\MetaRPG\MetaRPG_Game\Library\ScriptAssemblies\Unity.2D.Path.Editor.dll
Symbol file LoadedFromMemory is not a mono symbol file
Symbol file data-000001B2ED4DC020 doesn't match image C:\Users\Gabriele\Documents\GitHub\MetaRPG\MetaRPG_Game\Library\ScriptAssemblies\Unity.InternalAPIEditorBridge.001.dll
Symbol file LoadedFromMemory is not a mono symbol file
Symbol file data-000001B2F1D61020 doesn't match image C:\Users\Gabriele\Documents\GitHub\MetaRPG\MetaRPG_Game\Library\ScriptAssemblies\UnityEditor.UI.dll
Symbol file LoadedFromMemory is not a mono symbol file
Symbol file data-000001B2F6667040 doesn't match image C:\Users\Gabriele\Documents\GitHub\MetaRPG\MetaRPG_Game\Library\ScriptAssemblies\Unity.PlasticSCM.Editor.dll
Symbol file LoadedFromMemory is not a mono symbol file
Symbol file data-000001B2ED694220 doesn't match image C:\Users\Gabriele\Documents\GitHub\MetaRPG\MetaRPG_Game\Library\ScriptAssemblies\Unity.Rider.Editor.dll
Symbol file LoadedFromMemory is not a mono symbol file
Symbol file data-000001B2EDC20C00 doesn't match image C:\Users\Gabriele\Documents\GitHub\MetaRPG\MetaRPG_Game\Library\ScriptAssemblies\UnityEngine.UI.dll
Symbol file LoadedFromMemory is not a mono symbol file
Symbol file data-000001B2F1E50010 doesn't match image C:\Users\Gabriele\Documents\GitHub\MetaRPG\MetaRPG_Game\Library\ScriptAssemblies\Unity.Mathematics.dll
Symbol file LoadedFromMemory is not a mono symbol file
Symbol file data-000001B2F2306E50 doesn't match image C:\Users\Gabriele\Documents\GitHub\MetaRPG\MetaRPG_Game\Library\ScriptAssemblies\Unity.2D.IK.Runtime.dll
Symbol file LoadedFromMemory is not a mono symbol file
Symbol file data-000001B2EDC20C00 doesn't match image C:\Users\Gabriele\Documents\GitHub\MetaRPG\MetaRPG_Game\Library\ScriptAssemblies\Cinemachine.dll
Symbol file LoadedFromMemory is not a mono symbol file
Symbol file data-000001B2F639CAE0 doesn't match image C:\Users\Gabriele\Documents\GitHub\MetaRPG\MetaRPG_Game\Library\ScriptAssemblies\com.unity.cinemachine.editor.dll
Symbol file LoadedFromMemory is not a mono symbol file
Symbol file data-000001B2F3CDF020 doesn't match image C:\Users\Gabriele\Documents\GitHub\MetaRPG\MetaRPG_Game\Library\ScriptAssemblies\AstarPathfindingProject.dll
Symbol file LoadedFromMemory is not a mono symbol file
Symbol file data-000001B2EDC20C00 doesn't match image C:\Users\Gabriele\Documents\GitHub\MetaRPG\MetaRPG_Game\Library\ScriptAssemblies\Unity.2D.Animation.Triangle.Runtime.dll
Symbol file LoadedFromMemory is not a mono symbol file
Symbol file data-000001B2EDA736E0 doesn't match image C:\Users\Gabriele\Documents\GitHub\MetaRPG\MetaRPG_Game\Library\ScriptAssemblies\Unity.2D.Animation.Runtime.dll
Symbol file LoadedFromMemory is not a mono symbol file
Symbol file data-000001B2F34D5720 doesn't match image C:\Users\Gabriele\Documents\GitHub\MetaRPG\MetaRPG_Game\Library\ScriptAssemblies\Unity.2D.PixelPerfect.Editor.dll
Symbol file LoadedFromMemory is not a mono symbol file
Symbol file data-000001B319510080 doesn't match image C:\Users\Gabriele\Documents\GitHub\MetaRPG\MetaRPG_Game\Library\ScriptAssemblies\Unity.Timeline.Editor.dll
Symbol file LoadedFromMemory is not a mono symbol file
Symbol file data-000001B2F3F6A700 doesn't match image C:\Users\Gabriele\Documents\GitHub\MetaRPG\MetaRPG_Game\Library\ScriptAssemblies\Unity.CollabProxy.Editor.dll
Symbol file LoadedFromMemory is not a mono symbol file
Symbol file data-000001B2F39D0020 doesn't match image C:\Users\Gabriele\Documents\GitHub\MetaRPG\MetaRPG_Game\Library\ScriptAssemblies\Unity.Mathematics.Editor.dll
Symbol file LoadedFromMemory is not a mono symbol file
Symbol file data-000001B2EDBB85D0 doesn't match image C:\Users\Gabriele\Documents\GitHub\MetaRPG\MetaRPG_Game\Library\ScriptAssemblies\Unity.2D.Common.Runtime.dll
Symbol file LoadedFromMemory is not a mono symbol file
Symbol file data-000001B2ED694220 doesn't match image C:\Users\Gabriele\Documents\GitHub\MetaRPG\MetaRPG_Game\Library\ScriptAssemblies\AstarPathfindingProjectEditor.dll
Symbol file LoadedFromMemory is not a mono symbol file
Symbol file data-000001B2F1D61020 doesn't match image C:\Users\Gabriele\Documents\GitHub\MetaRPG\MetaRPG_Game\Library\ScriptAssemblies\Unity.2D.SpriteShape.Editor.dll
Symbol file LoadedFromMemory is not a mono symbol file
Symbol file data-000001B2F5299990 doesn't match image C:\Users\Gabriele\Documents\GitHub\MetaRPG\MetaRPG_Game\Library\ScriptAssemblies\Unity.2D.Common.Editor.dll
Symbol file LoadedFromMemory is not a mono symbol file
Symbol file data-000001B2F3F6A700 doesn't match image C:\Users\Gabriele\Documents\GitHub\MetaRPG\MetaRPG_Game\Library\ScriptAssemblies\Unity.2D.SpriteShape.Runtime.dll
Symbol file LoadedFromMemory is not a mono symbol file
Native extension for WindowsStandalone target not found
Refreshing native plugins compatible for Editor in 0.46 ms, found 3 plugins.
Preloading 0 native plugins for Editor in 0.00 ms.
Mono: successfully reloaded assembly
- Completed reload, in  0.854 seconds
Domain Reload Profiling:
	ReloadAssembly (854ms)
		BeginReloadAssembly (107ms)
			ExecutionOrderSort (0ms)
			DisableScriptedObjects (5ms)
			BackupInstance (0ms)
			ReleaseScriptingObjects (0ms)
			CreateAndSetChildDomain (29ms)
		EndReloadAssembly (697ms)
			LoadAssemblies (78ms)
			RebuildTransferFunctionScriptingTraits (0ms)
			SetupTypeCache (244ms)
			ReleaseScriptCaches (1ms)
			RebuildScriptCaches (37ms)
			SetupLoadedEditorAssemblies (255ms)
				LogAssemblyErrors (0ms)
				InitializePlatformSupportModulesInManaged (4ms)
				SetLoadedEditorAssemblies (0ms)
				RefreshPlugins (1ms)
				BeforeProcessingInitializeOnLoad (69ms)
				ProcessInitializeOnLoadAttributes (171ms)
				ProcessInitializeOnLoadMethodAttributes (5ms)
				AfterProcessingInitializeOnLoad (5ms)
				EditorAssembliesLoaded (0ms)
			ExecutionOrderSort2 (0ms)
			AwakeInstancesAfterBackupRestoration (10ms)
Platform modules already initialized, skipping
Refreshing native plugins compatible for Editor in 0.58 ms, found 3 plugins.
Preloading 0 native plugins for Editor in 0.00 ms.
Unloading 2455 Unused Serialized files (Serialized files now loaded: 0)
System memory in use before: 109.5 MB.
System memory in use after: 109.7 MB.

Unloading 16 unused Assets to reduce memory usage. Loaded Objects now: 2953.
Total: 2.998500 ms (FindLiveObjects: 0.369700 ms CreateObjectMapping: 0.209400 ms MarkObjects: 2.398800 ms  DeleteObjects: 0.019500 ms)

AssetImportParameters requested are different than current active one (requested -> active):
  custom:framework-win-MediaFoundation: 216162199b28c13a410421893ffa2e32 -> 
  custom:video-decoder-ogg-theora: a1e56fd34408186e4bbccfd4996cb3dc -> 
  custom:container-muxer-webm: aa71ff27fc2769a1b78a27578f13a17b -> 
  custom:container-demuxer-webm: 4f35f7cbe854078d1ac9338744f61a02 -> 
  custom:container-demuxer-ogg: 62fdf1f143b41e24485cea50d1cbac27 -> 
  custom:video-encoder-webm-vp8: eb34c28f22e8b96e1ab97ce403110664 -> 
  custom:video-decoder-webm-vp8: 9c59270c3fd7afecdb556c50c9e8de78 -> 
  custom:audio-decoder-ogg-vorbis: bf7c407c2cedff20999df2af8eb42d56 -> 
  custom:audio-encoder-webm-vorbis: bf7c407c2cedff20999df2af8eb42d56 -> 
========================================================================
Received Prepare
Registering precompiled user dll's ...
Registered in 0.003044 seconds.
Begin MonoManager ReloadAssembly
Symbol file data-000001B2F6667040 doesn't match image C:\Users\Gabriele\Documents\GitHub\MetaRPG\MetaRPG_Game\Library\ScriptAssemblies\Unity.2D.Animation.Editor.dll
Symbol file LoadedFromMemory is not a mono symbol file
Symbol file data-000001B2F8050690 doesn't match image C:\Users\Gabriele\Documents\GitHub\MetaRPG\MetaRPG_Game\Library\ScriptAssemblies\Unity.InternalAPIEngineBridge.001.dll
Symbol file LoadedFromMemory is not a mono symbol file
Symbol file data-000001B2F2010040 doesn't match image C:\Users\Gabriele\Documents\GitHub\MetaRPG\MetaRPG_Game\Library\ScriptAssemblies\Unity.VSCode.Editor.dll
Symbol file LoadedFromMemory is not a mono symbol file
Symbol file data-000001B2F7B87A50 doesn't match image C:\Users\Gabriele\Documents\GitHub\MetaRPG\MetaRPG_Game\Library\ScriptAssemblies\Unity.2D.PixelPerfect.dll
Symbol file LoadedFromMemory is not a mono symbol file
Symbol file data-000001B2F3F6A700 doesn't match image C:\Users\Gabriele\Documents\GitHub\MetaRPG\MetaRPG_Game\Library\ScriptAssemblies\Unity.2D.Tilemap.Editor.dll
Symbol file LoadedFromMemory is not a mono symbol file
Symbol file data-000001B2F34C6030 doesn't match image C:\Users\Gabriele\Documents\GitHub\MetaRPG\MetaRPG_Game\Library\ScriptAssemblies\PsdPlugin.dll
Symbol file LoadedFromMemory is not a mono symbol file
Symbol file data-000001B2ED452010 doesn't match image C:\Users\Gabriele\Documents\GitHub\MetaRPG\MetaRPG_Game\Library\ScriptAssemblies\Unity.TextMeshPro.Editor.dll
Symbol file LoadedFromMemory is not a mono symbol file
Symbol file data-000001B2F1D61020 doesn't match image C:\Users\Gabriele\Documents\GitHub\MetaRPG\MetaRPG_Game\Library\ScriptAssemblies\Unity.VisualStudio.Editor.dll
Symbol file LoadedFromMemory is not a mono symbol file
Symbol file data-000001B2F3F6A700 doesn't match image C:\Users\Gabriele\Documents\GitHub\MetaRPG\MetaRPG_Game\Library\ScriptAssemblies\UnityEngine.TestRunner.dll
Symbol file LoadedFromMemory is not a mono symbol file
Symbol file data-000001B2F3F6A700 doesn't match image C:\Users\Gabriele\Documents\GitHub\MetaRPG\MetaRPG_Game\Library\ScriptAssemblies\Unity.Timeline.dll
Symbol file LoadedFromMemory is not a mono symbol file
Symbol file data-000001B318F6B080 doesn't match image C:\Users\Gabriele\Documents\GitHub\MetaRPG\MetaRPG_Game\Library\ScriptAssemblies\PackageToolsEditor.dll
Symbol file LoadedFromMemory is not a mono symbol file
Symbol file data-000001B2F2840040 doesn't match image C:\Users\Gabriele\Documents\GitHub\MetaRPG\MetaRPG_Game\Library\ScriptAssemblies\Unity.TextMeshPro.dll
Symbol file LoadedFromMemory is not a mono symbol file
Symbol file data-000001B2ED2F3C10 doesn't match image C:\Users\Gabriele\Documents\GitHub\MetaRPG\MetaRPG_Game\Library\ScriptAssemblies\UnityEditor.TestRunner.dll
Symbol file LoadedFromMemory is not a mono symbol file
Symbol file data-000001B2ED7753A0 doesn't match image C:\Users\Gabriele\Documents\GitHub\MetaRPG\MetaRPG_Game\Library\ScriptAssemblies\Unity.2D.IK.Editor.dll
Symbol file LoadedFromMemory is not a mono symbol file
Symbol file data-000001B2ED452010 doesn't match image C:\Users\Gabriele\Documents\GitHub\MetaRPG\MetaRPG_Game\Library\ScriptAssemblies\Unity.2D.Sprite.Editor.dll
Symbol file LoadedFromMemory is not a mono symbol file
Symbol file data-000001B2F1D61020 doesn't match image C:\Users\Gabriele\Documents\GitHub\MetaRPG\MetaRPG_Game\Library\ScriptAssemblies\Unity.2D.Psdimporter.Editor.dll
Symbol file LoadedFromMemory is not a mono symbol file
Symbol file data-000001B2F311F2D0 doesn't match image C:\Users\Gabriele\Documents\GitHub\MetaRPG\MetaRPG_Game\Library\ScriptAssemblies\Unity.2D.Path.Editor.dll
Symbol file LoadedFromMemory is not a mono symbol file
Symbol file data-000001B2F255CCB0 doesn't match image C:\Users\Gabriele\Documents\GitHub\MetaRPG\MetaRPG_Game\Library\ScriptAssemblies\Unity.InternalAPIEditorBridge.001.dll
Symbol file LoadedFromMemory is not a mono symbol file
Symbol file data-000001B2F1D61020 doesn't match image C:\Users\Gabriele\Documents\GitHub\MetaRPG\MetaRPG_Game\Library\ScriptAssemblies\UnityEditor.UI.dll
Symbol file LoadedFromMemory is not a mono symbol file
Symbol file data-000001B2F6667040 doesn't match image C:\Users\Gabriele\Documents\GitHub\MetaRPG\MetaRPG_Game\Library\ScriptAssemblies\Unity.PlasticSCM.Editor.dll
Symbol file LoadedFromMemory is not a mono symbol file
Symbol file data-000001B2F1E39020 doesn't match image C:\Users\Gabriele\Documents\GitHub\MetaRPG\MetaRPG_Game\Library\ScriptAssemblies\Unity.Rider.Editor.dll
Symbol file LoadedFromMemory is not a mono symbol file
Symbol file data-000001B3185E2020 doesn't match image C:\Users\Gabriele\Documents\GitHub\MetaRPG\MetaRPG_Game\Library\ScriptAssemblies\UnityEngine.UI.dll
Symbol file LoadedFromMemory is not a mono symbol file
Symbol file data-000001B2F1E50010 doesn't match image C:\Users\Gabriele\Documents\GitHub\MetaRPG\MetaRPG_Game\Library\ScriptAssemblies\Unity.Mathematics.dll
Symbol file LoadedFromMemory is not a mono symbol file
Symbol file data-000001B2F2010040 doesn't match image C:\Users\Gabriele\Documents\GitHub\MetaRPG\MetaRPG_Game\Library\ScriptAssemblies\Unity.2D.IK.Runtime.dll
Symbol file LoadedFromMemory is not a mono symbol file
Symbol file data-000001B3185E2020 doesn't match image C:\Users\Gabriele\Documents\GitHub\MetaRPG\MetaRPG_Game\Library\ScriptAssemblies\Cinemachine.dll
Symbol file LoadedFromMemory is not a mono symbol file
Symbol file data-000001B2ED452010 doesn't match image C:\Users\Gabriele\Documents\GitHub\MetaRPG\MetaRPG_Game\Library\ScriptAssemblies\com.unity.cinemachine.editor.dll
Symbol file LoadedFromMemory is not a mono symbol file
Symbol file data-000001B31A82E030 doesn't match image C:\Users\Gabriele\Documents\GitHub\MetaRPG\MetaRPG_Game\Library\ScriptAssemblies\AstarPathfindingProject.dll
Symbol file LoadedFromMemory is not a mono symbol file
Symbol file data-000001B3185E2020 doesn't match image C:\Users\Gabriele\Documents\GitHub\MetaRPG\MetaRPG_Game\Library\ScriptAssemblies\Unity.2D.Animation.Triangle.Runtime.dll
Symbol file LoadedFromMemory is not a mono symbol file
Symbol file data-000001B2F1D6CA80 doesn't match image C:\Users\Gabriele\Documents\GitHub\MetaRPG\MetaRPG_Game\Library\ScriptAssemblies\Unity.2D.Animation.Runtime.dll
Symbol file LoadedFromMemory is not a mono symbol file
Symbol file data-000001B2F54016B0 doesn't match image C:\Users\Gabriele\Documents\GitHub\MetaRPG\MetaRPG_Game\Library\ScriptAssemblies\Unity.2D.PixelPerfect.Editor.dll
Symbol file LoadedFromMemory is not a mono symbol file
Symbol file data-000001B2F5336010 doesn't match image C:\Users\Gabriele\Documents\GitHub\MetaRPG\MetaRPG_Game\Library\ScriptAssemblies\Unity.Timeline.Editor.dll
Symbol file LoadedFromMemory is not a mono symbol file
Symbol file data-000001B2F3F6A700 doesn't match image C:\Users\Gabriele\Documents\GitHub\MetaRPG\MetaRPG_Game\Library\ScriptAssemblies\Unity.CollabProxy.Editor.dll
Symbol file LoadedFromMemory is not a mono symbol file
Symbol file data-000001B2F67E5040 doesn't match image C:\Users\Gabriele\Documents\GitHub\MetaRPG\MetaRPG_Game\Library\ScriptAssemblies\Unity.Mathematics.Editor.dll
Symbol file LoadedFromMemory is not a mono symbol file
Symbol file data-000001B31A877D70 doesn't match image C:\Users\Gabriele\Documents\GitHub\MetaRPG\MetaRPG_Game\Library\ScriptAssemblies\Unity.2D.Common.Runtime.dll
Symbol file LoadedFromMemory is not a mono symbol file
Symbol file data-000001B2F4EB2040 doesn't match image C:\Users\Gabriele\Documents\GitHub\MetaRPG\MetaRPG_Game\Library\ScriptAssemblies\AstarPathfindingProjectEditor.dll
Symbol file LoadedFromMemory is not a mono symbol file
Symbol file data-000001B2F1D61020 doesn't match image C:\Users\Gabriele\Documents\GitHub\MetaRPG\MetaRPG_Game\Library\ScriptAssemblies\Unity.2D.SpriteShape.Editor.dll
Symbol file LoadedFromMemory is not a mono symbol file
Symbol file data-000001B2ED7753A0 doesn't match image C:\Users\Gabriele\Documents\GitHub\MetaRPG\MetaRPG_Game\Library\ScriptAssemblies\Unity.2D.Common.Editor.dll
Symbol file LoadedFromMemory is not a mono symbol file
Symbol file data-000001B2F3F6A700 doesn't match image C:\Users\Gabriele\Documents\GitHub\MetaRPG\MetaRPG_Game\Library\ScriptAssemblies\Unity.2D.SpriteShape.Runtime.dll
Symbol file LoadedFromMemory is not a mono symbol file
Native extension for WindowsStandalone target not found
Refreshing native plugins compatible for Editor in 0.47 ms, found 3 plugins.
Preloading 0 native plugins for Editor in 0.00 ms.
Mono: successfully reloaded assembly
- Completed reload, in  0.987 seconds
Domain Reload Profiling:
	ReloadAssembly (988ms)
		BeginReloadAssembly (103ms)
			ExecutionOrderSort (0ms)
			DisableScriptedObjects (5ms)
			BackupInstance (0ms)
			ReleaseScriptingObjects (0ms)
			CreateAndSetChildDomain (27ms)
		EndReloadAssembly (835ms)
			LoadAssemblies (75ms)
			RebuildTransferFunctionScriptingTraits (0ms)
			SetupTypeCache (249ms)
			ReleaseScriptCaches (1ms)
			RebuildScriptCaches (40ms)
			SetupLoadedEditorAssemblies (348ms)
				LogAssemblyErrors (0ms)
				InitializePlatformSupportModulesInManaged (4ms)
				SetLoadedEditorAssemblies (0ms)
				RefreshPlugins (1ms)
				BeforeProcessingInitializeOnLoad (70ms)
				ProcessInitializeOnLoadAttributes (259ms)
				ProcessInitializeOnLoadMethodAttributes (6ms)
				AfterProcessingInitializeOnLoad (8ms)
				EditorAssembliesLoaded (0ms)
			ExecutionOrderSort2 (0ms)
			AwakeInstancesAfterBackupRestoration (13ms)
Platform modules already initialized, skipping
Refreshing native plugins compatible for Editor in 0.48 ms, found 3 plugins.
Preloading 0 native plugins for Editor in 0.00 ms.
Unloading 2455 Unused Serialized files (Serialized files now loaded: 0)
System memory in use before: 109.5 MB.
System memory in use after: 109.7 MB.

Unloading 16 unused Assets to reduce memory usage. Loaded Objects now: 2956.
Total: 2.930500 ms (FindLiveObjects: 0.230500 ms CreateObjectMapping: 0.113700 ms MarkObjects: 2.566300 ms  DeleteObjects: 0.019000 ms)

AssetImportParameters requested are different than current active one (requested -> active):
  custom:framework-win-MediaFoundation: 216162199b28c13a410421893ffa2e32 -> 
  custom:video-decoder-ogg-theora: a1e56fd34408186e4bbccfd4996cb3dc -> 
  custom:container-muxer-webm: aa71ff27fc2769a1b78a27578f13a17b -> 
  custom:container-demuxer-webm: 4f35f7cbe854078d1ac9338744f61a02 -> 
  custom:container-demuxer-ogg: 62fdf1f143b41e24485cea50d1cbac27 -> 
  custom:video-encoder-webm-vp8: eb34c28f22e8b96e1ab97ce403110664 -> 
  custom:video-decoder-webm-vp8: 9c59270c3fd7afecdb556c50c9e8de78 -> 
  custom:audio-decoder-ogg-vorbis: bf7c407c2cedff20999df2af8eb42d56 -> 
  custom:audio-encoder-webm-vorbis: bf7c407c2cedff20999df2af8eb42d56 -> 
========================================================================
Received Prepare
Registering precompiled user dll's ...
Registered in 0.002849 seconds.
Begin MonoManager ReloadAssembly
Symbol file data-000001B2F6667040 doesn't match image C:\Users\Gabriele\Documents\GitHub\MetaRPG\MetaRPG_Game\Library\ScriptAssemblies\Unity.2D.Animation.Editor.dll
Symbol file LoadedFromMemory is not a mono symbol file
Symbol file data-000001B31B0E2440 doesn't match image C:\Users\Gabriele\Documents\GitHub\MetaRPG\MetaRPG_Game\Library\ScriptAssemblies\Unity.InternalAPIEngineBridge.001.dll
Symbol file LoadedFromMemory is not a mono symbol file
Symbol file data-000001B2ED7753A0 doesn't match image C:\Users\Gabriele\Documents\GitHub\MetaRPG\MetaRPG_Game\Library\ScriptAssemblies\Unity.VSCode.Editor.dll
Symbol file LoadedFromMemory is not a mono symbol file
Symbol file data-000001B2ED6FACC0 doesn't match image C:\Users\Gabriele\Documents\GitHub\MetaRPG\MetaRPG_Game\Library\ScriptAssemblies\Unity.2D.PixelPerfect.dll
Symbol file LoadedFromMemory is not a mono symbol file
Symbol file data-000001B2F3CF9010 doesn't match image C:\Users\Gabriele\Documents\GitHub\MetaRPG\MetaRPG_Game\Library\ScriptAssemblies\Unity.2D.Tilemap.Editor.dll
Symbol file LoadedFromMemory is not a mono symbol file
Symbol file data-000001B2F5CF8020 doesn't match image C:\Users\Gabriele\Documents\GitHub\MetaRPG\MetaRPG_Game\Library\ScriptAssemblies\PsdPlugin.dll
Symbol file LoadedFromMemory is not a mono symbol file
Symbol file data-000001B31AC19030 doesn't match image C:\Users\Gabriele\Documents\GitHub\MetaRPG\MetaRPG_Game\Library\ScriptAssemblies\Unity.TextMeshPro.Editor.dll
Symbol file LoadedFromMemory is not a mono symbol file
Symbol file data-000001B2F1D61020 doesn't match image C:\Users\Gabriele\Documents\GitHub\MetaRPG\MetaRPG_Game\Library\ScriptAssemblies\Unity.VisualStudio.Editor.dll
Symbol file LoadedFromMemory is not a mono symbol file
Symbol file data-000001B2F5C2E020 doesn't match image C:\Users\Gabriele\Documents\GitHub\MetaRPG\MetaRPG_Game\Library\ScriptAssemblies\UnityEngine.TestRunner.dll
Symbol file LoadedFromMemory is not a mono symbol file
Symbol file data-000001B2F3CF9010 doesn't match image C:\Users\Gabriele\Documents\GitHub\MetaRPG\MetaRPG_Game\Library\ScriptAssemblies\Unity.Timeline.dll
Symbol file LoadedFromMemory is not a mono symbol file
Symbol file data-000001B2F3B82A20 doesn't match image C:\Users\Gabriele\Documents\GitHub\MetaRPG\MetaRPG_Game\Library\ScriptAssemblies\PackageToolsEditor.dll
Symbol file LoadedFromMemory is not a mono symbol file
Symbol file data-000001B2F2840040 doesn't match image C:\Users\Gabriele\Documents\GitHub\MetaRPG\MetaRPG_Game\Library\ScriptAssemblies\Unity.TextMeshPro.dll
Symbol file LoadedFromMemory is not a mono symbol file
Symbol file data-000001B2ED2F3C10 doesn't match image C:\Users\Gabriele\Documents\GitHub\MetaRPG\MetaRPG_Game\Library\ScriptAssemblies\UnityEditor.TestRunner.dll
Symbol file LoadedFromMemory is not a mono symbol file
Symbol file data-000001B2ED7753A0 doesn't match image C:\Users\Gabriele\Documents\GitHub\MetaRPG\MetaRPG_Game\Library\ScriptAssemblies\Unity.2D.IK.Editor.dll
Symbol file LoadedFromMemory is not a mono symbol file
Symbol file data-000001B31AC19030 doesn't match image C:\Users\Gabriele\Documents\GitHub\MetaRPG\MetaRPG_Game\Library\ScriptAssemblies\Unity.2D.Sprite.Editor.dll
Symbol file LoadedFromMemory is not a mono symbol file
Symbol file data-000001B2F1D61020 doesn't match image C:\Users\Gabriele\Documents\GitHub\MetaRPG\MetaRPG_Game\Library\ScriptAssemblies\Unity.2D.Psdimporter.Editor.dll
Symbol file LoadedFromMemory is not a mono symbol file
Symbol file data-000001B2F606D010 doesn't match image C:\Users\Gabriele\Documents\GitHub\MetaRPG\MetaRPG_Game\Library\ScriptAssemblies\Unity.2D.Path.Editor.dll
Symbol file LoadedFromMemory is not a mono symbol file
Symbol file data-000001B31B780D50 doesn't match image C:\Users\Gabriele\Documents\GitHub\MetaRPG\MetaRPG_Game\Library\ScriptAssemblies\Unity.InternalAPIEditorBridge.001.dll
Symbol file LoadedFromMemory is not a mono symbol file
Symbol file data-000001B2F1D61020 doesn't match image C:\Users\Gabriele\Documents\GitHub\MetaRPG\MetaRPG_Game\Library\ScriptAssemblies\UnityEditor.UI.dll
Symbol file LoadedFromMemory is not a mono symbol file
Symbol file data-000001B2F6667040 doesn't match image C:\Users\Gabriele\Documents\GitHub\MetaRPG\MetaRPG_Game\Library\ScriptAssemblies\Unity.PlasticSCM.Editor.dll
Symbol file LoadedFromMemory is not a mono symbol file
Symbol file data-000001B2F3F4D010 doesn't match image C:\Users\Gabriele\Documents\GitHub\MetaRPG\MetaRPG_Game\Library\ScriptAssemblies\Unity.Rider.Editor.dll
Symbol file LoadedFromMemory is not a mono symbol file
Symbol file data-000001B2F4E76020 doesn't match image C:\Users\Gabriele\Documents\GitHub\MetaRPG\MetaRPG_Game\Library\ScriptAssemblies\UnityEngine.UI.dll
Symbol file LoadedFromMemory is not a mono symbol file
Symbol file data-000001B2F1E50010 doesn't match image C:\Users\Gabriele\Documents\GitHub\MetaRPG\MetaRPG_Game\Library\ScriptAssemblies\Unity.Mathematics.dll
Symbol file LoadedFromMemory is not a mono symbol file
Symbol file data-000001B2ED7753A0 doesn't match image C:\Users\Gabriele\Documents\GitHub\MetaRPG\MetaRPG_Game\Library\ScriptAssemblies\Unity.2D.IK.Runtime.dll
Symbol file LoadedFromMemory is not a mono symbol file
Symbol file data-000001B2ED67D010 doesn't match image C:\Users\Gabriele\Documents\GitHub\MetaRPG\MetaRPG_Game\Library\ScriptAssemblies\Cinemachine.dll
Symbol file LoadedFromMemory is not a mono symbol file
Symbol file data-000001B31AC19030 doesn't match image C:\Users\Gabriele\Documents\GitHub\MetaRPG\MetaRPG_Game\Library\ScriptAssemblies\com.unity.cinemachine.editor.dll
Symbol file LoadedFromMemory is not a mono symbol file
Symbol file data-000001B31AB3C010 doesn't match image C:\Users\Gabriele\Documents\GitHub\MetaRPG\MetaRPG_Game\Library\ScriptAssemblies\AstarPathfindingProject.dll
Symbol file LoadedFromMemory is not a mono symbol file
Symbol file data-000001B2F4E76020 doesn't match image C:\Users\Gabriele\Documents\GitHub\MetaRPG\MetaRPG_Game\Library\ScriptAssemblies\Unity.2D.Animation.Triangle.Runtime.dll
Symbol file LoadedFromMemory is not a mono symbol file
Symbol file data-000001B2F4EB2040 doesn't match image C:\Users\Gabriele\Documents\GitHub\MetaRPG\MetaRPG_Game\Library\ScriptAssemblies\Unity.2D.Animation.Runtime.dll
Symbol file LoadedFromMemory is not a mono symbol file
Symbol file data-000001B162658BB0 doesn't match image C:\Users\Gabriele\Documents\GitHub\MetaRPG\MetaRPG_Game\Library\ScriptAssemblies\Unity.2D.PixelPerfect.Editor.dll
Symbol file LoadedFromMemory is not a mono symbol file
Symbol file data-000001B31A8A08F0 doesn't match image C:\Users\Gabriele\Documents\GitHub\MetaRPG\MetaRPG_Game\Library\ScriptAssemblies\Unity.Timeline.Editor.dll
Symbol file LoadedFromMemory is not a mono symbol file
Symbol file data-000001B2F5C2E020 doesn't match image C:\Users\Gabriele\Documents\GitHub\MetaRPG\MetaRPG_Game\Library\ScriptAssemblies\Unity.CollabProxy.Editor.dll
Symbol file LoadedFromMemory is not a mono symbol file
Symbol file data-000001B31B7BE2D0 doesn't match image C:\Users\Gabriele\Documents\GitHub\MetaRPG\MetaRPG_Game\Library\ScriptAssemblies\Unity.Mathematics.Editor.dll
Symbol file LoadedFromMemory is not a mono symbol file
Symbol file data-000001B31B7B1F30 doesn't match image C:\Users\Gabriele\Documents\GitHub\MetaRPG\MetaRPG_Game\Library\ScriptAssemblies\Unity.2D.Common.Runtime.dll
Symbol file LoadedFromMemory is not a mono symbol file
Symbol file data-000001B2F80B8E00 doesn't match image C:\Users\Gabriele\Documents\GitHub\MetaRPG\MetaRPG_Game\Library\ScriptAssemblies\AstarPathfindingProjectEditor.dll
Symbol file LoadedFromMemory is not a mono symbol file
Symbol file data-000001B2F1D61020 doesn't match image C:\Users\Gabriele\Documents\GitHub\MetaRPG\MetaRPG_Game\Library\ScriptAssemblies\Unity.2D.SpriteShape.Editor.dll
Symbol file LoadedFromMemory is not a mono symbol file
Symbol file data-000001B2ED7753A0 doesn't match image C:\Users\Gabriele\Documents\GitHub\MetaRPG\MetaRPG_Game\Library\ScriptAssemblies\Unity.2D.Common.Editor.dll
Symbol file LoadedFromMemory is not a mono symbol file
Symbol file data-000001B2F5C2E020 doesn't match image C:\Users\Gabriele\Documents\GitHub\MetaRPG\MetaRPG_Game\Library\ScriptAssemblies\Unity.2D.SpriteShape.Runtime.dll
Symbol file LoadedFromMemory is not a mono symbol file
Native extension for WindowsStandalone target not found
Refreshing native plugins compatible for Editor in 0.48 ms, found 3 plugins.
Preloading 0 native plugins for Editor in 0.00 ms.
Mono: successfully reloaded assembly
- Completed reload, in  0.850 seconds
Domain Reload Profiling:
	ReloadAssembly (851ms)
		BeginReloadAssembly (95ms)
			ExecutionOrderSort (0ms)
			DisableScriptedObjects (5ms)
			BackupInstance (0ms)
			ReleaseScriptingObjects (0ms)
			CreateAndSetChildDomain (28ms)
		EndReloadAssembly (702ms)
			LoadAssemblies (83ms)
			RebuildTransferFunctionScriptingTraits (0ms)
			SetupTypeCache (244ms)
			ReleaseScriptCaches (1ms)
			RebuildScriptCaches (37ms)
			SetupLoadedEditorAssemblies (254ms)
				LogAssemblyErrors (0ms)
				InitializePlatformSupportModulesInManaged (4ms)
				SetLoadedEditorAssemblies (0ms)
				RefreshPlugins (1ms)
				BeforeProcessingInitializeOnLoad (68ms)
				ProcessInitializeOnLoadAttributes (171ms)
				ProcessInitializeOnLoadMethodAttributes (5ms)
				AfterProcessingInitializeOnLoad (5ms)
				EditorAssembliesLoaded (0ms)
			ExecutionOrderSort2 (0ms)
			AwakeInstancesAfterBackupRestoration (10ms)
Platform modules already initialized, skipping
Refreshing native plugins compatible for Editor in 0.46 ms, found 3 plugins.
Preloading 0 native plugins for Editor in 0.00 ms.
Unloading 2455 Unused Serialized files (Serialized files now loaded: 0)
System memory in use before: 109.5 MB.
System memory in use after: 109.7 MB.

Unloading 16 unused Assets to reduce memory usage. Loaded Objects now: 2959.
Total: 2.802900 ms (FindLiveObjects: 0.222400 ms CreateObjectMapping: 0.096000 ms MarkObjects: 2.464500 ms  DeleteObjects: 0.019500 ms)

AssetImportParameters requested are different than current active one (requested -> active):
  custom:framework-win-MediaFoundation: 216162199b28c13a410421893ffa2e32 -> 
  custom:video-decoder-ogg-theora: a1e56fd34408186e4bbccfd4996cb3dc -> 
  custom:container-muxer-webm: aa71ff27fc2769a1b78a27578f13a17b -> 
  custom:container-demuxer-webm: 4f35f7cbe854078d1ac9338744f61a02 -> 
  custom:container-demuxer-ogg: 62fdf1f143b41e24485cea50d1cbac27 -> 
  custom:video-encoder-webm-vp8: eb34c28f22e8b96e1ab97ce403110664 -> 
  custom:video-decoder-webm-vp8: 9c59270c3fd7afecdb556c50c9e8de78 -> 
  custom:audio-decoder-ogg-vorbis: bf7c407c2cedff20999df2af8eb42d56 -> 
  custom:audio-encoder-webm-vorbis: bf7c407c2cedff20999df2af8eb42d56 -> 
========================================================================
Received Prepare
Registering precompiled user dll's ...
Registered in 0.003270 seconds.
Begin MonoManager ReloadAssembly
Symbol file data-000001B2F6667040 doesn't match image C:\Users\Gabriele\Documents\GitHub\MetaRPG\MetaRPG_Game\Library\ScriptAssemblies\Unity.2D.Animation.Editor.dll
Symbol file LoadedFromMemory is not a mono symbol file
Symbol file data-000001B31B0E4570 doesn't match image C:\Users\Gabriele\Documents\GitHub\MetaRPG\MetaRPG_Game\Library\ScriptAssemblies\Unity.InternalAPIEngineBridge.001.dll
Symbol file LoadedFromMemory is not a mono symbol file
Symbol file data-000001B2ED7753A0 doesn't match image C:\Users\Gabriele\Documents\GitHub\MetaRPG\MetaRPG_Game\Library\ScriptAssemblies\Unity.VSCode.Editor.dll
Symbol file LoadedFromMemory is not a mono symbol file
Symbol file data-000001B2F5D0A630 doesn't match image C:\Users\Gabriele\Documents\GitHub\MetaRPG\MetaRPG_Game\Library\ScriptAssemblies\Unity.2D.PixelPerfect.dll
Symbol file LoadedFromMemory is not a mono symbol file
Symbol file data-000001B2F22C9020 doesn't match image C:\Users\Gabriele\Documents\GitHub\MetaRPG\MetaRPG_Game\Library\ScriptAssemblies\Unity.2D.Tilemap.Editor.dll
Symbol file LoadedFromMemory is not a mono symbol file
Symbol file data-000001B2F34C6030 doesn't match image C:\Users\Gabriele\Documents\GitHub\MetaRPG\MetaRPG_Game\Library\ScriptAssemblies\PsdPlugin.dll
Symbol file LoadedFromMemory is not a mono symbol file
Symbol file data-000001B2F22C9020 doesn't match image C:\Users\Gabriele\Documents\GitHub\MetaRPG\MetaRPG_Game\Library\ScriptAssemblies\Unity.TextMeshPro.Editor.dll
Symbol file LoadedFromMemory is not a mono symbol file
Symbol file data-000001B2F1D61020 doesn't match image C:\Users\Gabriele\Documents\GitHub\MetaRPG\MetaRPG_Game\Library\ScriptAssemblies\Unity.VisualStudio.Editor.dll
Symbol file LoadedFromMemory is not a mono symbol file
Symbol file data-000001B2F4FF1F80 doesn't match image C:\Users\Gabriele\Documents\GitHub\MetaRPG\MetaRPG_Game\Library\ScriptAssemblies\UnityEngine.TestRunner.dll
Symbol file LoadedFromMemory is not a mono symbol file
Symbol file data-000001B2F22C9020 doesn't match image C:\Users\Gabriele\Documents\GitHub\MetaRPG\MetaRPG_Game\Library\ScriptAssemblies\Unity.Timeline.dll
Symbol file LoadedFromMemory is not a mono symbol file
Symbol file data-000001B162656770 doesn't match image C:\Users\Gabriele\Documents\GitHub\MetaRPG\MetaRPG_Game\Library\ScriptAssemblies\PackageToolsEditor.dll
Symbol file LoadedFromMemory is not a mono symbol file
Symbol file data-000001B2F2840040 doesn't match image C:\Users\Gabriele\Documents\GitHub\MetaRPG\MetaRPG_Game\Library\ScriptAssemblies\Unity.TextMeshPro.dll
Symbol file LoadedFromMemory is not a mono symbol file
Symbol file data-000001B2ED6FAC70 doesn't match image C:\Users\Gabriele\Documents\GitHub\MetaRPG\MetaRPG_Game\Library\ScriptAssemblies\UnityEditor.TestRunner.dll
Symbol file LoadedFromMemory is not a mono symbol file
Symbol file data-000001B2ED7753A0 doesn't match image C:\Users\Gabriele\Documents\GitHub\MetaRPG\MetaRPG_Game\Library\ScriptAssemblies\Unity.2D.IK.Editor.dll
Symbol file LoadedFromMemory is not a mono symbol file
Symbol file data-000001B2F22C9020 doesn't match image C:\Users\Gabriele\Documents\GitHub\MetaRPG\MetaRPG_Game\Library\ScriptAssemblies\Unity.2D.Sprite.Editor.dll
Symbol file LoadedFromMemory is not a mono symbol file
Symbol file data-000001B2F1D61020 doesn't match image C:\Users\Gabriele\Documents\GitHub\MetaRPG\MetaRPG_Game\Library\ScriptAssemblies\Unity.2D.Psdimporter.Editor.dll
Symbol file LoadedFromMemory is not a mono symbol file
Symbol file data-000001B318F90350 doesn't match image C:\Users\Gabriele\Documents\GitHub\MetaRPG\MetaRPG_Game\Library\ScriptAssemblies\Unity.2D.Path.Editor.dll
Symbol file LoadedFromMemory is not a mono symbol file
Symbol file data-000001B2F4EF96E0 doesn't match image C:\Users\Gabriele\Documents\GitHub\MetaRPG\MetaRPG_Game\Library\ScriptAssemblies\Unity.InternalAPIEditorBridge.001.dll
Symbol file LoadedFromMemory is not a mono symbol file
Symbol file data-000001B2F1D61020 doesn't match image C:\Users\Gabriele\Documents\GitHub\MetaRPG\MetaRPG_Game\Library\ScriptAssemblies\UnityEditor.UI.dll
Symbol file LoadedFromMemory is not a mono symbol file
Symbol file data-000001B2F6667040 doesn't match image C:\Users\Gabriele\Documents\GitHub\MetaRPG\MetaRPG_Game\Library\ScriptAssemblies\Unity.PlasticSCM.Editor.dll
Symbol file LoadedFromMemory is not a mono symbol file
Symbol file data-000001B2F80B8E00 doesn't match image C:\Users\Gabriele\Documents\GitHub\MetaRPG\MetaRPG_Game\Library\ScriptAssemblies\Unity.Rider.Editor.dll
Symbol file LoadedFromMemory is not a mono symbol file
Symbol file data-000001B2F59AB020 doesn't match image C:\Users\Gabriele\Documents\GitHub\MetaRPG\MetaRPG_Game\Library\ScriptAssemblies\UnityEngine.UI.dll
Symbol file LoadedFromMemory is not a mono symbol file
Symbol file data-000001B2F1E50010 doesn't match image C:\Users\Gabriele\Documents\GitHub\MetaRPG\MetaRPG_Game\Library\ScriptAssemblies\Unity.Mathematics.dll
Symbol file LoadedFromMemory is not a mono symbol file
Symbol file data-000001B2ED7753A0 doesn't match image C:\Users\Gabriele\Documents\GitHub\MetaRPG\MetaRPG_Game\Library\ScriptAssemblies\Unity.2D.IK.Runtime.dll
Symbol file LoadedFromMemory is not a mono symbol file
Symbol file data-000001B2ED67D010 doesn't match image C:\Users\Gabriele\Documents\GitHub\MetaRPG\MetaRPG_Game\Library\ScriptAssemblies\Cinemachine.dll
Symbol file LoadedFromMemory is not a mono symbol file
Symbol file data-000001B2F22C9020 doesn't match image C:\Users\Gabriele\Documents\GitHub\MetaRPG\MetaRPG_Game\Library\ScriptAssemblies\com.unity.cinemachine.editor.dll
Symbol file LoadedFromMemory is not a mono symbol file
Symbol file data-000001B319BF9020 doesn't match image C:\Users\Gabriele\Documents\GitHub\MetaRPG\MetaRPG_Game\Library\ScriptAssemblies\AstarPathfindingProject.dll
Symbol file LoadedFromMemory is not a mono symbol file
Symbol file data-000001B2F4E76020 doesn't match image C:\Users\Gabriele\Documents\GitHub\MetaRPG\MetaRPG_Game\Library\ScriptAssemblies\Unity.2D.Animation.Triangle.Runtime.dll
Symbol file LoadedFromMemory is not a mono symbol file
Symbol file data-000001B2F3D39010 doesn't match image C:\Users\Gabriele\Documents\GitHub\MetaRPG\MetaRPG_Game\Library\ScriptAssemblies\Unity.2D.Animation.Runtime.dll
Symbol file LoadedFromMemory is not a mono symbol file
Symbol file data-000001B318D0C210 doesn't match image C:\Users\Gabriele\Documents\GitHub\MetaRPG\MetaRPG_Game\Library\ScriptAssemblies\Unity.2D.PixelPerfect.Editor.dll
Symbol file LoadedFromMemory is not a mono symbol file
Symbol file data-000001B2F529FF60 doesn't match image C:\Users\Gabriele\Documents\GitHub\MetaRPG\MetaRPG_Game\Library\ScriptAssemblies\Unity.Timeline.Editor.dll
Symbol file LoadedFromMemory is not a mono symbol file
Symbol file data-000001B2F4FF1F80 doesn't match image C:\Users\Gabriele\Documents\GitHub\MetaRPG\MetaRPG_Game\Library\ScriptAssemblies\Unity.CollabProxy.Editor.dll
Symbol file LoadedFromMemory is not a mono symbol file
Symbol file data-000001B2ED631690 doesn't match image C:\Users\Gabriele\Documents\GitHub\MetaRPG\MetaRPG_Game\Library\ScriptAssemblies\Unity.Mathematics.Editor.dll
Symbol file LoadedFromMemory is not a mono symbol file
Symbol file data-000001B2F4F0B340 doesn't match image C:\Users\Gabriele\Documents\GitHub\MetaRPG\MetaRPG_Game\Library\ScriptAssemblies\Unity.2D.Common.Runtime.dll
Symbol file LoadedFromMemory is not a mono symbol file
Symbol file data-000001B2F21A9040 doesn't match image C:\Users\Gabriele\Documents\GitHub\MetaRPG\MetaRPG_Game\Library\ScriptAssemblies\AstarPathfindingProjectEditor.dll
Symbol file LoadedFromMemory is not a mono symbol file
Symbol file data-000001B2F1D61020 doesn't match image C:\Users\Gabriele\Documents\GitHub\MetaRPG\MetaRPG_Game\Library\ScriptAssemblies\Unity.2D.SpriteShape.Editor.dll
Symbol file LoadedFromMemory is not a mono symbol file
Symbol file data-000001B2ED7753A0 doesn't match image C:\Users\Gabriele\Documents\GitHub\MetaRPG\MetaRPG_Game\Library\ScriptAssemblies\Unity.2D.Common.Editor.dll
Symbol file LoadedFromMemory is not a mono symbol file
Symbol file data-000001B2F5C2E020 doesn't match image C:\Users\Gabriele\Documents\GitHub\MetaRPG\MetaRPG_Game\Library\ScriptAssemblies\Unity.2D.SpriteShape.Runtime.dll
Symbol file LoadedFromMemory is not a mono symbol file
Native extension for WindowsStandalone target not found
Refreshing native plugins compatible for Editor in 0.47 ms, found 3 plugins.
Preloading 0 native plugins for Editor in 0.00 ms.
Mono: successfully reloaded assembly
- Completed reload, in  0.833 seconds
Domain Reload Profiling:
	ReloadAssembly (833ms)
		BeginReloadAssembly (96ms)
			ExecutionOrderSort (0ms)
			DisableScriptedObjects (5ms)
			BackupInstance (0ms)
			ReleaseScriptingObjects (0ms)
			CreateAndSetChildDomain (26ms)
		EndReloadAssembly (687ms)
			LoadAssemblies (75ms)
			RebuildTransferFunctionScriptingTraits (0ms)
			SetupTypeCache (237ms)
			ReleaseScriptCaches (1ms)
			RebuildScriptCaches (37ms)
			SetupLoadedEditorAssemblies (253ms)
				LogAssemblyErrors (0ms)
				InitializePlatformSupportModulesInManaged (4ms)
				SetLoadedEditorAssemblies (0ms)
				RefreshPlugins (1ms)
				BeforeProcessingInitializeOnLoad (68ms)
				ProcessInitializeOnLoadAttributes (170ms)
				ProcessInitializeOnLoadMethodAttributes (5ms)
				AfterProcessingInitializeOnLoad (5ms)
				EditorAssembliesLoaded (0ms)
			ExecutionOrderSort2 (0ms)
			AwakeInstancesAfterBackupRestoration (10ms)
Platform modules already initialized, skipping
Refreshing native plugins compatible for Editor in 0.47 ms, found 3 plugins.
Preloading 0 native plugins for Editor in 0.00 ms.
Unloading 2455 Unused Serialized files (Serialized files now loaded: 0)
System memory in use before: 109.4 MB.
System memory in use after: 109.7 MB.

Unloading 16 unused Assets to reduce memory usage. Loaded Objects now: 2962.
Total: 2.635500 ms (FindLiveObjects: 0.238600 ms CreateObjectMapping: 0.154800 ms MarkObjects: 2.225000 ms  DeleteObjects: 0.016200 ms)

AssetImportParameters requested are different than current active one (requested -> active):
  custom:framework-win-MediaFoundation: 216162199b28c13a410421893ffa2e32 -> 
  custom:video-decoder-ogg-theora: a1e56fd34408186e4bbccfd4996cb3dc -> 
  custom:container-muxer-webm: aa71ff27fc2769a1b78a27578f13a17b -> 
  custom:container-demuxer-webm: 4f35f7cbe854078d1ac9338744f61a02 -> 
  custom:container-demuxer-ogg: 62fdf1f143b41e24485cea50d1cbac27 -> 
  custom:video-encoder-webm-vp8: eb34c28f22e8b96e1ab97ce403110664 -> 
  custom:video-decoder-webm-vp8: 9c59270c3fd7afecdb556c50c9e8de78 -> 
  custom:audio-decoder-ogg-vorbis: bf7c407c2cedff20999df2af8eb42d56 -> 
  custom:audio-encoder-webm-vorbis: bf7c407c2cedff20999df2af8eb42d56 -> 
AssetImportWorkerClient::OnTransportError - code=2 error=End of file
